Using pre-set license
Built from '2020.3/staging' branch; Version is '2020.3.32f1 (12f8b0834f07) revision 1243312'; Using compiler version '192528614'; Build Type 'Release'
OS: 'Windows 10  (10.0.19043) 64bit Core' Language: 'en' Physical Memory: 16241 MB
BatchMode: 1, IsHumanControllingUs: 0, StartBugReporterOnCrash: 0, Is64bit: 1, IsPro: 0

COMMAND LINE ARGUMENTS:
C:\Program Files\Unity\Hub\Editor\2020.3.32f1\Editor\Unity.exe
-adb2
-batchMode
-noUpm
-name
AssetImportWorker0
-projectPath
C:/Users/Chris/Documents/GitHub/John-Lemon-s-Haunted-Jaunt/JohnLemon
-logFile
Logs/AssetImportWorker0.log
-srvPort
52125
Successfully changed project path to: C:/Users/Chris/Documents/GitHub/John-Lemon-s-Haunted-Jaunt/JohnLemon
C:/Users/Chris/Documents/GitHub/John-Lemon-s-Haunted-Jaunt/JohnLemon
Using Asset Import Pipeline V2.
Refreshing native plugins compatible for Editor in 43.04 ms, found 2 plugins.
Preloading 0 native plugins for Editor in 0.00 ms.
Initialize engine version: 2020.3.32f1 (12f8b0834f07)
[Subsystems] Discovering subsystems at path C:/Program Files/Unity/Hub/Editor/2020.3.32f1/Editor/Data/Resources/UnitySubsystems
[Subsystems] Discovering subsystems at path C:/Users/Chris/Documents/GitHub/John-Lemon-s-Haunted-Jaunt/JohnLemon/Assets
GfxDevice: creating device client; threaded=0
Direct3D:
    Version:  Direct3D 11.0 [level 11.1]
    Renderer: NVIDIA GeForce GTX 1060 6GB (ID=0x1c03)
    Vendor:   
    VRAM:     6052 MB
    Driver:   27.21.14.6677
Initialize mono
Mono path[0] = 'C:/Program Files/Unity/Hub/Editor/2020.3.32f1/Editor/Data/Managed'
Mono path[1] = 'C:/Program Files/Unity/Hub/Editor/2020.3.32f1/Editor/Data/MonoBleedingEdge/lib/mono/unityjit'
Mono config path = 'C:/Program Files/Unity/Hub/Editor/2020.3.32f1/Editor/Data/MonoBleedingEdge/etc'
Using monoOptions --debugger-agent=transport=dt_socket,embedding=1,server=y,suspend=n,address=127.0.0.1:56064
Begin MonoManager ReloadAssembly
Registering precompiled unity dll's ...
Register platform support module: C:/Program Files/Unity/Hub/Editor/2020.3.32f1/Editor/Data/PlaybackEngines/WebGLSupport/UnityEditor.WebGL.Extensions.dll
Register platform support module: C:/Program Files/Unity/Hub/Editor/2020.3.32f1/Editor/Data/PlaybackEngines/WindowsStandaloneSupport/UnityEditor.WindowsStandalone.Extensions.dll
Registered in 0.001624 seconds.
Native extension for WindowsStandalone target not found
Native extension for WebGL target not found
Refreshing native plugins compatible for Editor in 37.86 ms, found 2 plugins.
Preloading 0 native plugins for Editor in 0.00 ms.
Mono: successfully reloaded assembly
- Completed reload, in  0.452 seconds
Domain Reload Profiling:
	ReloadAssembly (452ms)
		BeginReloadAssembly (47ms)
			ExecutionOrderSort (0ms)
			DisableScriptedObjects (0ms)
			BackupInstance (0ms)
			ReleaseScriptingObjects (0ms)
			CreateAndSetChildDomain (1ms)
		EndReloadAssembly (345ms)
			LoadAssemblies (45ms)
			RebuildTransferFunctionScriptingTraits (0ms)
			SetupTypeCache (118ms)
			ReleaseScriptCaches (0ms)
			RebuildScriptCaches (20ms)
			SetupLoadedEditorAssemblies (131ms)
				LogAssemblyErrors (0ms)
				InitializePlatformSupportModulesInManaged (4ms)
				SetLoadedEditorAssemblies (0ms)
				RefreshPlugins (38ms)
				BeforeProcessingInitializeOnLoad (9ms)
				ProcessInitializeOnLoadAttributes (61ms)
				ProcessInitializeOnLoadMethodAttributes (18ms)
				AfterProcessingInitializeOnLoad (0ms)
				EditorAssembliesLoaded (0ms)
			ExecutionOrderSort2 (0ms)
			AwakeInstancesAfterBackupRestoration (0ms)
Platform modules already initialized, skipping
Registering precompiled user dll's ...
Registered in 0.003670 seconds.
Begin MonoManager ReloadAssembly
Symbol file data-0000015B18091080 doesn't match image C:\Users\Chris\Documents\GitHub\John-Lemon-s-Haunted-Jaunt\JohnLemon\Library\ScriptAssemblies\Unity.VSCode.Editor.dll
Symbol file LoadedFromMemory is not a mono symbol file
Symbol file data-0000015B179E5C20 doesn't match image C:\Users\Chris\Documents\GitHub\John-Lemon-s-Haunted-Jaunt\JohnLemon\Library\ScriptAssemblies\Unity.2D.Tilemap.Editor.dll
Symbol file LoadedFromMemory is not a mono symbol file
Symbol file data-0000015B179E5C20 doesn't match image C:\Users\Chris\Documents\GitHub\John-Lemon-s-Haunted-Jaunt\JohnLemon\Library\ScriptAssemblies\Unity.TextMeshPro.Editor.dll
Symbol file LoadedFromMemory is not a mono symbol file
Symbol file data-0000015B179FAE30 doesn't match image C:\Users\Chris\Documents\GitHub\John-Lemon-s-Haunted-Jaunt\JohnLemon\Library\ScriptAssemblies\Unity.VisualStudio.Editor.dll
Symbol file LoadedFromMemory is not a mono symbol file
Symbol file data-0000015B1822C220 doesn't match image C:\Users\Chris\Documents\GitHub\John-Lemon-s-Haunted-Jaunt\JohnLemon\Library\ScriptAssemblies\UnityEngine.TestRunner.dll
Symbol file LoadedFromMemory is not a mono symbol file
Symbol file data-0000015AF3F09260 doesn't match image C:\Users\Chris\Documents\GitHub\John-Lemon-s-Haunted-Jaunt\JohnLemon\Library\ScriptAssemblies\Unity.Timeline.dll
Symbol file LoadedFromMemory is not a mono symbol file
Symbol file data-0000015B17E31020 doesn't match image C:\Users\Chris\Documents\GitHub\John-Lemon-s-Haunted-Jaunt\JohnLemon\Library\ScriptAssemblies\Unity.TextMeshPro.dll
Symbol file LoadedFromMemory is not a mono symbol file
Symbol file data-0000015B17CD6220 doesn't match image C:\Users\Chris\Documents\GitHub\John-Lemon-s-Haunted-Jaunt\JohnLemon\Library\ScriptAssemblies\UnityEngine.Advertisements.dll
Symbol file LoadedFromMemory is not a mono symbol file
Symbol file data-0000015B17E60630 doesn't match image C:\Users\Chris\Documents\GitHub\John-Lemon-s-Haunted-Jaunt\JohnLemon\Library\ScriptAssemblies\UnityEditor.TestRunner.dll
Symbol file LoadedFromMemory is not a mono symbol file
Symbol file data-0000015B17E60630 doesn't match image C:\Users\Chris\Documents\GitHub\John-Lemon-s-Haunted-Jaunt\JohnLemon\Library\ScriptAssemblies\Unity.2D.Sprite.Editor.dll
Symbol file LoadedFromMemory is not a mono symbol file
Symbol file data-0000015B18F05110 doesn't match image C:\Users\Chris\Documents\GitHub\John-Lemon-s-Haunted-Jaunt\JohnLemon\Library\ScriptAssemblies\Unity.Postprocessing.Editor.dll
Symbol file LoadedFromMemory is not a mono symbol file
Symbol file data-0000015B18F05110 doesn't match image C:\Users\Chris\Documents\GitHub\John-Lemon-s-Haunted-Jaunt\JohnLemon\Library\ScriptAssemblies\UnityEditor.UI.dll
Symbol file LoadedFromMemory is not a mono symbol file
Symbol file data-0000015B1795F010 doesn't match image C:\Users\Chris\Documents\GitHub\John-Lemon-s-Haunted-Jaunt\JohnLemon\Library\ScriptAssemblies\Unity.PlasticSCM.Editor.dll
Symbol file LoadedFromMemory is not a mono symbol file
Symbol file data-0000015AF3EC8E70 doesn't match image C:\Users\Chris\Documents\GitHub\John-Lemon-s-Haunted-Jaunt\JohnLemon\Library\ScriptAssemblies\Unity.Rider.Editor.dll
Symbol file LoadedFromMemory is not a mono symbol file
Symbol file data-0000015B189E0010 doesn't match image C:\Users\Chris\Documents\GitHub\John-Lemon-s-Haunted-Jaunt\JohnLemon\Library\ScriptAssemblies\UnityEngine.UI.dll
Symbol file LoadedFromMemory is not a mono symbol file
Symbol file data-0000015AF3AEC020 doesn't match image C:\Users\Chris\Documents\GitHub\John-Lemon-s-Haunted-Jaunt\JohnLemon\Library\ScriptAssemblies\UnityEngine.SpatialTracking.dll
Symbol file LoadedFromMemory is not a mono symbol file
Symbol file data-0000015B17DCAA40 doesn't match image C:\Users\Chris\Documents\GitHub\John-Lemon-s-Haunted-Jaunt\JohnLemon\Library\ScriptAssemblies\Unity.Analytics.DataPrivacy.dll
Symbol file LoadedFromMemory is not a mono symbol file
Symbol file data-0000015B179AA030 doesn't match image C:\Users\Chris\Documents\GitHub\John-Lemon-s-Haunted-Jaunt\JohnLemon\Library\ScriptAssemblies\Unity.Services.Core.Editor.dll
Symbol file LoadedFromMemory is not a mono symbol file
Symbol file data-0000015B17E60630 doesn't match image C:\Users\Chris\Documents\GitHub\John-Lemon-s-Haunted-Jaunt\JohnLemon\Library\ScriptAssemblies\Cinemachine.dll
Symbol file LoadedFromMemory is not a mono symbol file
Symbol file data-0000015B17E60630 doesn't match image C:\Users\Chris\Documents\GitHub\John-Lemon-s-Haunted-Jaunt\JohnLemon\Library\ScriptAssemblies\com.unity.cinemachine.editor.dll
Symbol file LoadedFromMemory is not a mono symbol file
Symbol file data-0000015B17E60630 doesn't match image C:\Users\Chris\Documents\GitHub\John-Lemon-s-Haunted-Jaunt\JohnLemon\Library\ScriptAssemblies\Unity.Postprocessing.Runtime.dll
Symbol file LoadedFromMemory is not a mono symbol file
Symbol file data-0000015AF3B9F020 doesn't match image C:\Users\Chris\Documents\GitHub\John-Lemon-s-Haunted-Jaunt\JohnLemon\Library\ScriptAssemblies\UnityEngine.XR.LegacyInputHelpers.dll
Symbol file LoadedFromMemory is not a mono symbol file
Symbol file data-0000015B17F9B010 doesn't match image C:\Users\Chris\Documents\GitHub\John-Lemon-s-Haunted-Jaunt\JohnLemon\Library\ScriptAssemblies\Unity.Timeline.Editor.dll
Symbol file LoadedFromMemory is not a mono symbol file
Symbol file data-0000015AF388A040 doesn't match image C:\Users\Chris\Documents\GitHub\John-Lemon-s-Haunted-Jaunt\JohnLemon\Library\ScriptAssemblies\UnityEditor.XR.LegacyInputHelpers.dll
Symbol file LoadedFromMemory is not a mono symbol file
Symbol file data-0000015B18A10420 doesn't match image C:\Users\Chris\Documents\GitHub\John-Lemon-s-Haunted-Jaunt\JohnLemon\Library\ScriptAssemblies\Unity.CollabProxy.Editor.dll
Symbol file LoadedFromMemory is not a mono symbol file
Symbol file data-0000015B18091080 doesn't match image C:\Users\Chris\Documents\GitHub\John-Lemon-s-Haunted-Jaunt\JohnLemon\Library\ScriptAssemblies\UnityEngine.Monetization.dll
Symbol file LoadedFromMemory is not a mono symbol file
Symbol file data-0000015AF3E88730 doesn't match image C:\Users\Chris\Documents\GitHub\John-Lemon-s-Haunted-Jaunt\JohnLemon\Library\ScriptAssemblies\UnityEditor.SpatialTracking.dll
Symbol file LoadedFromMemory is not a mono symbol file
Native extension for WindowsStandalone target not found
Native extension for WebGL target not found
Refreshing native plugins compatible for Editor in 0.40 ms, found 2 plugins.
Preloading 0 native plugins for Editor in 0.00 ms.
Mono: successfully reloaded assembly
- Completed reload, in  0.776 seconds
Domain Reload Profiling:
	ReloadAssembly (776ms)
		BeginReloadAssembly (105ms)
			ExecutionOrderSort (0ms)
			DisableScriptedObjects (3ms)
			BackupInstance (0ms)
			ReleaseScriptingObjects (0ms)
			CreateAndSetChildDomain (13ms)
		EndReloadAssembly (626ms)
			LoadAssemblies (73ms)
			RebuildTransferFunctionScriptingTraits (0ms)
			SetupTypeCache (204ms)
			ReleaseScriptCaches (0ms)
			RebuildScriptCaches (36ms)
			SetupLoadedEditorAssemblies (254ms)
				LogAssemblyErrors (0ms)
				InitializePlatformSupportModulesInManaged (4ms)
				SetLoadedEditorAssemblies (0ms)
				RefreshPlugins (0ms)
				BeforeProcessingInitializeOnLoad (76ms)
				ProcessInitializeOnLoadAttributes (156ms)
				ProcessInitializeOnLoadMethodAttributes (11ms)
				AfterProcessingInitializeOnLoad (6ms)
				EditorAssembliesLoaded (0ms)
			ExecutionOrderSort2 (0ms)
			AwakeInstancesAfterBackupRestoration (4ms)
Platform modules already initialized, skipping
========================================================================
Worker process is ready to serve import requests
Launched and connected shader compiler UnityShaderCompiler.exe after 0.04 seconds
Refreshing native plugins compatible for Editor in 0.46 ms, found 2 plugins.
Preloading 0 native plugins for Editor in 0.00 ms.
Unloading 2021 Unused Serialized files (Serialized files now loaded: 0)
System memory in use before: 164.3 MB.
System memory in use after: 164.4 MB.

Unloading 42 unused Assets to reduce memory usage. Loaded Objects now: 2449.
Total: 2.159700 ms (FindLiveObjects: 0.112200 ms CreateObjectMapping: 0.044400 ms MarkObjects: 1.944800 ms  DeleteObjects: 0.057400 ms)

AssetImportParameters requested are different than current active one (requested -> active):
  custom:framework-win-MediaFoundation: 216162199b28c13a410421893ffa2e32 -> 
  custom:video-decoder-ogg-theora: a1e56fd34408186e4bbccfd4996cb3dc -> 
  custom:container-muxer-webm: aa71ff27fc2769a1b78a27578f13a17b -> 
  custom:container-demuxer-webm: 4f35f7cbe854078d1ac9338744f61a02 -> 
  custom:container-demuxer-ogg: 62fdf1f143b41e24485cea50d1cbac27 -> 
  custom:video-encoder-webm-vp8: eb34c28f22e8b96e1ab97ce403110664 -> 
  custom:video-decoder-webm-vp8: 9c59270c3fd7afecdb556c50c9e8de78 -> 
  custom:audio-decoder-ogg-vorbis: bf7c407c2cedff20999df2af8eb42d56 -> 
  custom:audio-encoder-webm-vorbis: bf7c407c2cedff20999df2af8eb42d56 -> 
========================================================================
Received Import Request.
  path: Assets/Scenes/Assignment2_410.unity
  artifactKey: Guid(17240694c4759df4b8caf8bf5f9ccb8e) Importer(815301076,1909f56bfc062723c751e8b465ee728b)
Start importing Assets/Scenes/Assignment2_410.unity using Guid(17240694c4759df4b8caf8bf5f9ccb8e) Importer(815301076,1909f56bfc062723c751e8b465ee728b)  -> (artifact id: 'd66e06361dafc989a205ee4684e7d800') in 0.008049 seconds 
========================================================================
Received Import Request.
  Time since last request: 2.515246 seconds.
  path: Assets/Scenes/MainScene.unity
  artifactKey: Guid(8aca9de8cdc67a84cab3d972f6c188b5) Importer(815301076,1909f56bfc062723c751e8b465ee728b)
Start importing Assets/Scenes/MainScene.unity using Guid(8aca9de8cdc67a84cab3d972f6c188b5) Importer(815301076,1909f56bfc062723c751e8b465ee728b)  -> (artifact id: '823813f79461293c009bffe1a112ccff') in 0.006032 seconds 
========================================================================
Received Prepare
Registering precompiled user dll's ...
Registered in 0.003709 seconds.
Begin MonoManager ReloadAssembly
Symbol file data-0000015B17AA5EE0 doesn't match image C:\Users\Chris\Documents\GitHub\John-Lemon-s-Haunted-Jaunt\JohnLemon\Library\ScriptAssemblies\Unity.VSCode.Editor.dll
Symbol file LoadedFromMemory is not a mono symbol file
Symbol file data-0000015B18DC6010 doesn't match image C:\Users\Chris\Documents\GitHub\John-Lemon-s-Haunted-Jaunt\JohnLemon\Library\ScriptAssemblies\Unity.2D.Tilemap.Editor.dll
Symbol file LoadedFromMemory is not a mono symbol file
Symbol file data-0000015B1BD53020 doesn't match image C:\Users\Chris\Documents\GitHub\John-Lemon-s-Haunted-Jaunt\JohnLemon\Library\ScriptAssemblies\Unity.TextMeshPro.Editor.dll
Symbol file LoadedFromMemory is not a mono symbol file
Symbol file data-0000015B17925010 doesn't match image C:\Users\Chris\Documents\GitHub\John-Lemon-s-Haunted-Jaunt\JohnLemon\Library\ScriptAssemblies\Unity.VisualStudio.Editor.dll
Symbol file LoadedFromMemory is not a mono symbol file
Symbol file data-0000015B18DC6010 doesn't match image C:\Users\Chris\Documents\GitHub\John-Lemon-s-Haunted-Jaunt\JohnLemon\Library\ScriptAssemblies\UnityEngine.TestRunner.dll
Symbol file LoadedFromMemory is not a mono symbol file
Symbol file data-0000015B18DC6010 doesn't match image C:\Users\Chris\Documents\GitHub\John-Lemon-s-Haunted-Jaunt\JohnLemon\Library\ScriptAssemblies\Unity.Timeline.dll
Symbol file LoadedFromMemory is not a mono symbol file
Symbol file data-0000015B18680080 doesn't match image C:\Users\Chris\Documents\GitHub\John-Lemon-s-Haunted-Jaunt\JohnLemon\Library\ScriptAssemblies\Unity.TextMeshPro.dll
Symbol file LoadedFromMemory is not a mono symbol file
Symbol file data-0000015B178E8010 doesn't match image C:\Users\Chris\Documents\GitHub\John-Lemon-s-Haunted-Jaunt\JohnLemon\Library\ScriptAssemblies\UnityEngine.Advertisements.dll
Symbol file LoadedFromMemory is not a mono symbol file
Symbol file data-0000015B186AF690 doesn't match image C:\Users\Chris\Documents\GitHub\John-Lemon-s-Haunted-Jaunt\JohnLemon\Library\ScriptAssemblies\UnityEditor.TestRunner.dll
Symbol file LoadedFromMemory is not a mono symbol file
Symbol file data-0000015B18DC6010 doesn't match image C:\Users\Chris\Documents\GitHub\John-Lemon-s-Haunted-Jaunt\JohnLemon\Library\ScriptAssemblies\Unity.2D.Sprite.Editor.dll
Symbol file LoadedFromMemory is not a mono symbol file
Symbol file data-0000015B17925010 doesn't match image C:\Users\Chris\Documents\GitHub\John-Lemon-s-Haunted-Jaunt\JohnLemon\Library\ScriptAssemblies\Unity.Postprocessing.Editor.dll
Symbol file LoadedFromMemory is not a mono symbol file
Symbol file data-0000015B17925010 doesn't match image C:\Users\Chris\Documents\GitHub\John-Lemon-s-Haunted-Jaunt\JohnLemon\Library\ScriptAssemblies\UnityEditor.UI.dll
Symbol file LoadedFromMemory is not a mono symbol file
Symbol file data-0000015B179C1010 doesn't match image C:\Users\Chris\Documents\GitHub\John-Lemon-s-Haunted-Jaunt\JohnLemon\Library\ScriptAssemblies\Unity.PlasticSCM.Editor.dll
Symbol file LoadedFromMemory is not a mono symbol file
Symbol file data-0000015B195EEA30 doesn't match image C:\Users\Chris\Documents\GitHub\John-Lemon-s-Haunted-Jaunt\JohnLemon\Library\ScriptAssemblies\Unity.Rider.Editor.dll
Symbol file LoadedFromMemory is not a mono symbol file
Symbol file data-0000015AF381C020 doesn't match image C:\Users\Chris\Documents\GitHub\John-Lemon-s-Haunted-Jaunt\JohnLemon\Library\ScriptAssemblies\UnityEngine.UI.dll
Symbol file LoadedFromMemory is not a mono symbol file
Symbol file data-0000015B18014550 doesn't match image C:\Users\Chris\Documents\GitHub\John-Lemon-s-Haunted-Jaunt\JohnLemon\Library\ScriptAssemblies\UnityEngine.SpatialTracking.dll
Symbol file LoadedFromMemory is not a mono symbol file
Symbol file data-0000015B182D8420 doesn't match image C:\Users\Chris\Documents\GitHub\John-Lemon-s-Haunted-Jaunt\JohnLemon\Library\ScriptAssemblies\Unity.Analytics.DataPrivacy.dll
Symbol file LoadedFromMemory is not a mono symbol file
Symbol file data-0000015B195EEA30 doesn't match image C:\Users\Chris\Documents\GitHub\John-Lemon-s-Haunted-Jaunt\JohnLemon\Library\ScriptAssemblies\Unity.Services.Core.Editor.dll
Symbol file LoadedFromMemory is not a mono symbol file
Symbol file data-0000015AF3F1A260 doesn't match image C:\Users\Chris\Documents\GitHub\John-Lemon-s-Haunted-Jaunt\JohnLemon\Library\ScriptAssemblies\Cinemachine.dll
Symbol file LoadedFromMemory is not a mono symbol file
Symbol file data-0000015AF3F6F010 doesn't match image C:\Users\Chris\Documents\GitHub\John-Lemon-s-Haunted-Jaunt\JohnLemon\Library\ScriptAssemblies\com.unity.cinemachine.editor.dll
Symbol file LoadedFromMemory is not a mono symbol file
Symbol file data-0000015AF3F6F010 doesn't match image C:\Users\Chris\Documents\GitHub\John-Lemon-s-Haunted-Jaunt\JohnLemon\Library\ScriptAssemblies\Unity.Postprocessing.Runtime.dll
Symbol file LoadedFromMemory is not a mono symbol file
Symbol file data-0000015B18B07620 doesn't match image C:\Users\Chris\Documents\GitHub\John-Lemon-s-Haunted-Jaunt\JohnLemon\Library\ScriptAssemblies\UnityEngine.XR.LegacyInputHelpers.dll
Symbol file LoadedFromMemory is not a mono symbol file
Symbol file data-0000015B1BF4F030 doesn't match image C:\Users\Chris\Documents\GitHub\John-Lemon-s-Haunted-Jaunt\JohnLemon\Library\ScriptAssemblies\Unity.Timeline.Editor.dll
Symbol file LoadedFromMemory is not a mono symbol file
Symbol file data-0000015B1B1A1030 doesn't match image C:\Users\Chris\Documents\GitHub\John-Lemon-s-Haunted-Jaunt\JohnLemon\Library\ScriptAssemblies\UnityEditor.XR.LegacyInputHelpers.dll
Symbol file LoadedFromMemory is not a mono symbol file
Symbol file data-0000015AF3F6F010 doesn't match image C:\Users\Chris\Documents\GitHub\John-Lemon-s-Haunted-Jaunt\JohnLemon\Library\ScriptAssemblies\Unity.CollabProxy.Editor.dll
Symbol file LoadedFromMemory is not a mono symbol file
Symbol file data-0000015B18C7B020 doesn't match image C:\Users\Chris\Documents\GitHub\John-Lemon-s-Haunted-Jaunt\JohnLemon\Library\ScriptAssemblies\UnityEngine.Monetization.dll
Symbol file LoadedFromMemory is not a mono symbol file
Symbol file data-0000015B17E07770 doesn't match image C:\Users\Chris\Documents\GitHub\John-Lemon-s-Haunted-Jaunt\JohnLemon\Library\ScriptAssemblies\UnityEditor.SpatialTracking.dll
Symbol file LoadedFromMemory is not a mono symbol file
Native extension for WindowsStandalone target not found
Native extension for WebGL target not found
Refreshing native plugins compatible for Editor in 0.42 ms, found 2 plugins.
Preloading 0 native plugins for Editor in 0.00 ms.
Mono: successfully reloaded assembly
- Completed reload, in  0.740 seconds
Domain Reload Profiling:
	ReloadAssembly (740ms)
		BeginReloadAssembly (86ms)
			ExecutionOrderSort (0ms)
			DisableScriptedObjects (4ms)
			BackupInstance (0ms)
			ReleaseScriptingObjects (0ms)
			CreateAndSetChildDomain (27ms)
		EndReloadAssembly (610ms)
			LoadAssemblies (67ms)
			RebuildTransferFunctionScriptingTraits (0ms)
			SetupTypeCache (208ms)
			ReleaseScriptCaches (1ms)
			RebuildScriptCaches (30ms)
			SetupLoadedEditorAssemblies (232ms)
				LogAssemblyErrors (0ms)
				InitializePlatformSupportModulesInManaged (4ms)
				SetLoadedEditorAssemblies (0ms)
				RefreshPlugins (0ms)
				BeforeProcessingInitializeOnLoad (74ms)
				ProcessInitializeOnLoadAttributes (139ms)
				ProcessInitializeOnLoadMethodAttributes (8ms)
				AfterProcessingInitializeOnLoad (5ms)
				EditorAssembliesLoaded (0ms)
			ExecutionOrderSort2 (0ms)
			AwakeInstancesAfterBackupRestoration (5ms)
Platform modules already initialized, skipping
Refreshing native plugins compatible for Editor in 0.41 ms, found 2 plugins.
Preloading 0 native plugins for Editor in 0.00 ms.
Unloading 1982 Unused Serialized files (Serialized files now loaded: 0)
System memory in use before: 161.0 MB.
System memory in use after: 161.1 MB.

Unloading 33 unused Assets to reduce memory usage. Loaded Objects now: 2452.
Total: 1.971600 ms (FindLiveObjects: 0.092000 ms CreateObjectMapping: 0.042100 ms MarkObjects: 1.812700 ms  DeleteObjects: 0.024200 ms)

AssetImportParameters requested are different than current active one (requested -> active):
  custom:framework-win-MediaFoundation: 216162199b28c13a410421893ffa2e32 -> 
  custom:video-decoder-ogg-theora: a1e56fd34408186e4bbccfd4996cb3dc -> 
  custom:container-muxer-webm: aa71ff27fc2769a1b78a27578f13a17b -> 
  custom:container-demuxer-webm: 4f35f7cbe854078d1ac9338744f61a02 -> 
  custom:container-demuxer-ogg: 62fdf1f143b41e24485cea50d1cbac27 -> 
  custom:video-encoder-webm-vp8: eb34c28f22e8b96e1ab97ce403110664 -> 
  custom:video-decoder-webm-vp8: 9c59270c3fd7afecdb556c50c9e8de78 -> 
  custom:audio-decoder-ogg-vorbis: bf7c407c2cedff20999df2af8eb42d56 -> 
  custom:audio-encoder-webm-vorbis: bf7c407c2cedff20999df2af8eb42d56 -> 
AssetImportWorkerClient::OnTransportError - code=2 error=End of file
